230303 01:49:31 mysqld_safe Starting mariadbd daemon with databases from /config/databases
2023-03-03  1:49:31 0 [Note] Starting MariaDB 10.6.12-MariaDB-log source revision 4c79e15cc3716f69c044d4287ad2160da8101cdc as process 385
2023-03-03  1:49:31 0 [Note] Using unique option prefix 'myisam_recover' is error-prone and can break in the future. Please use the full name 'myisam-recover-options' instead.
2023-03-03  1:49:31 0 [Note] InnoDB: Compressed tables use zlib 1.2.13
2023-03-03  1:49:31 0 [Note] InnoDB: Number of pools: 1
2023-03-03  1:49:31 0 [Note] InnoDB: Using crc32 + pclmulqdq instructions
2023-03-03  1:49:31 0 [Note] mariadbd: O_TMPFILE is not supported on /tmp (disabling future attempts)
2023-03-03  1:49:31 0 [Note] InnoDB: Using Linux native AIO
2023-03-03  1:49:31 0 [Note] InnoDB: Initializing buffer pool, total size = 268435456, chunk size = 134217728
2023-03-03  1:49:31 0 [Note] InnoDB: Completed initialization of buffer pool
2023-03-03  1:49:32 0 [Note] InnoDB: 128 rollback segments are active.
2023-03-03  1:49:32 0 [Note] InnoDB: Creating shared tablespace for temporary tables
2023-03-03  1:49:32 0 [Note] InnoDB: Setting file './ibtmp1' size to 12 MB. Physically writing the file full; Please wait ...
2023-03-03  1:49:32 0 [Note] InnoDB: File './ibtmp1' size is now 12 MB.
2023-03-03  1:49:32 0 [Note] InnoDB: 10.6.12 started; log sequence number 1391213; transaction id 1731
2023-03-03  1:49:32 0 [Note] InnoDB: Loading buffer pool(s) from /config/databases/ib_buffer_pool
2023-03-03  1:49:32 0 [Note] Plugin 'FEEDBACK' is disabled.
2023-03-03  1:49:33 0 [Note] Server socket created on IP: '0.0.0.0'.
2023-03-03  1:49:33 0 [Note] Server socket created on IP: '::'.
2023-03-03  1:49:33 0 [Note] InnoDB: Buffer pool(s) load completed at 230303  1:49:33
2023-03-03  1:49:33 0 [Note] /usr/bin/mariadbd: ready for connections.
Version: '10.6.12-MariaDB-log'  socket: '/var/run/mysqld/mysqld.sock'  port: 3306  MariaDB Server
2023-03-03  1:49:33 5 [Warning] Aborted connection 5 to db: 'unconnected' user: 'unauthenticated' host: 'localhost' (This connection closed normally without authentication)
2023-03-03  2:15:15 0 [Note] /usr/bin/mariadbd (initiated by: unknown): Normal shutdown
2023-03-03  2:15:15 0 [Note] InnoDB: FTS optimize thread exiting.
2023-03-03  2:15:15 0 [Note] InnoDB: Starting shutdown...
2023-03-03  2:15:15 0 [Note] InnoDB: Dumping buffer pool(s) to /config/databases/ib_buffer_pool
2023-03-03  2:15:15 0 [Note] InnoDB: Buffer pool(s) dump completed at 230303  2:15:15
2023-03-03  2:15:16 0 [Note] InnoDB: Removed temporary tablespace data file: "./ibtmp1"
2023-03-03  2:15:16 0 [Note] InnoDB: Shutdown completed; log sequence number 1546094; transaction id 1830
2023-03-03  2:15:16 0 [Note] /usr/bin/mariadbd: Shutdown complete

230303 02:15:16 mysqld_safe mysqld from pid file /var/run/mysqld/mysqld.pid ended
