1677746841: mosquitto version 2.0.15 starting
1677746841: Config loaded from /mosquitto/config/mosquitto.conf.
1677746841: Opening ipv4 listen socket on port 1883.
1677746841: Opening ipv6 listen socket on port 1883.
1677746841: mosquitto version 2.0.15 running
1677748641: Saving in-memory database to /mosquitto/data/mosquitto.db.
1677750442: Saving in-memory database to /mosquitto/data/mosquitto.db.
1677752243: Saving in-memory database to /mosquitto/data/mosquitto.db.
1677754044: Saving in-memory database to /mosquitto/data/mosquitto.db.
1677755845: Saving in-memory database to /mosquitto/data/mosquitto.db.
1677757646: Saving in-memory database to /mosquitto/data/mosquitto.db.
1677759447: Saving in-memory database to /mosquitto/data/mosquitto.db.
1677761248: Saving in-memory database to /mosquitto/data/mosquitto.db.
1677763049: Saving in-memory database to /mosquitto/data/mosquitto.db.
1677764850: Saving in-memory database to /mosquitto/data/mosquitto.db.
1677766651: Saving in-memory database to /mosquitto/data/mosquitto.db.
1677768452: Saving in-memory database to /mosquitto/data/mosquitto.db.
1677770253: Saving in-memory database to /mosquitto/data/mosquitto.db.
1677772054: Saving in-memory database to /mosquitto/data/mosquitto.db.
1677773855: Saving in-memory database to /mosquitto/data/mosquitto.db.
1677774553: mosquitto version 2.0.15 terminating
1677774553: Saving in-memory database to /mosquitto/data/mosquitto.db.
1677774627: mosquitto version 2.0.15 starting
1677774627: Config loaded from /mosquitto/config/mosquitto.conf.
1677774627: Opening ipv4 listen socket on port 1883.
1677774627: Opening ipv6 listen socket on port 1883.
1677774627: mosquitto version 2.0.15 running
1677776428: Saving in-memory database to /mosquitto/data/mosquitto.db.
1677778229: Saving in-memory database to /mosquitto/data/mosquitto.db.
1677780030: Saving in-memory database to /mosquitto/data/mosquitto.db.
1677781831: Saving in-memory database to /mosquitto/data/mosquitto.db.
1677783632: Saving in-memory database to /mosquitto/data/mosquitto.db.
1677785433: Saving in-memory database to /mosquitto/data/mosquitto.db.
1677787234: Saving in-memory database to /mosquitto/data/mosquitto.db.
1677789035: Saving in-memory database to /mosquitto/data/mosquitto.db.
1677790836: Saving in-memory database to /mosquitto/data/mosquitto.db.
1677792637: Saving in-memory database to /mosquitto/data/mosquitto.db.
1677794438: Saving in-memory database to /mosquitto/data/mosquitto.db.
1677796239: Saving in-memory database to /mosquitto/data/mosquitto.db.
1677798040: Saving in-memory database to /mosquitto/data/mosquitto.db.
1677799841: Saving in-memory database to /mosquitto/data/mosquitto.db.
1677801642: Saving in-memory database to /mosquitto/data/mosquitto.db.
1677803443: Saving in-memory database to /mosquitto/data/mosquitto.db.
1677805244: Saving in-memory database to /mosquitto/data/mosquitto.db.
1677807045: Saving in-memory database to /mosquitto/data/mosquitto.db.
1677807647: mosquitto version 2.0.15 terminating
1677807647: Saving in-memory database to /mosquitto/data/mosquitto.db.
1677807666: mosquitto version 2.0.15 starting
1677807666: Config loaded from /mosquitto/config/mosquitto.conf.
1677807666: Opening ipv4 listen socket on port 1883.
1677807666: Opening ipv6 listen socket on port 1883.
1677807666: mosquitto version 2.0.15 running
1677808150: mosquitto version 2.0.15 terminating
1677808150: Saving in-memory database to /mosquitto/data/mosquitto.db.
1677808168: mosquitto version 2.0.15 starting
1677808168: Config loaded from /mosquitto/config/mosquitto.conf.
1677808168: Opening ipv4 listen socket on port 1883.
1677808168: Opening ipv6 listen socket on port 1883.
1677808168: mosquitto version 2.0.15 running
1677809715: mosquitto version 2.0.15 terminating
1677809715: Saving in-memory database to /mosquitto/data/mosquitto.db.
1677809727: mosquitto version 2.0.15 starting
1677809727: Config loaded from /mosquitto/config/mosquitto.conf.
1677809727: Opening ipv4 listen socket on port 1883.
1677809727: Opening ipv6 listen socket on port 1883.
1677809727: mosquitto version 2.0.15 running
1677811528: Saving in-memory database to /mosquitto/data/mosquitto.db.
1677813329: Saving in-memory database to /mosquitto/data/mosquitto.db.
1677815130: Saving in-memory database to /mosquitto/data/mosquitto.db.
1677816931: Saving in-memory database to /mosquitto/data/mosquitto.db.
1677818732: Saving in-memory database to /mosquitto/data/mosquitto.db.
1677820533: Saving in-memory database to /mosquitto/data/mosquitto.db.
1677822334: Saving in-memory database to /mosquitto/data/mosquitto.db.
1677824135: Saving in-memory database to /mosquitto/data/mosquitto.db.
1677825936: Saving in-memory database to /mosquitto/data/mosquitto.db.
1677827737: Saving in-memory database to /mosquitto/data/mosquitto.db.
1677829538: Saving in-memory database to /mosquitto/data/mosquitto.db.
1677831339: Saving in-memory database to /mosquitto/data/mosquitto.db.
1677833140: Saving in-memory database to /mosquitto/data/mosquitto.db.
1677834941: Saving in-memory database to /mosquitto/data/mosquitto.db.
1677836742: Saving in-memory database to /mosquitto/data/mosquitto.db.
1677838543: Saving in-memory database to /mosquitto/data/mosquitto.db.
1677840344: Saving in-memory database to /mosquitto/data/mosquitto.db.
1677842145: Saving in-memory database to /mosquitto/data/mosquitto.db.
1677843946: Saving in-memory database to /mosquitto/data/mosquitto.db.
1677845747: Saving in-memory database to /mosquitto/data/mosquitto.db.
1677847548: Saving in-memory database to /mosquitto/data/mosquitto.db.
1677849349: Saving in-memory database to /mosquitto/data/mosquitto.db.
1677851150: Saving in-memory database to /mosquitto/data/mosquitto.db.
1677852951: Saving in-memory database to /mosquitto/data/mosquitto.db.
1677854752: Saving in-memory database to /mosquitto/data/mosquitto.db.
1677856553: Saving in-memory database to /mosquitto/data/mosquitto.db.
1677858354: Saving in-memory database to /mosquitto/data/mosquitto.db.
1677860155: Saving in-memory database to /mosquitto/data/mosquitto.db.
1677861956: Saving in-memory database to /mosquitto/data/mosquitto.db.
1677863757: Saving in-memory database to /mosquitto/data/mosquitto.db.
1677865558: Saving in-memory database to /mosquitto/data/mosquitto.db.
1677867359: Saving in-memory database to /mosquitto/data/mosquitto.db.
1677869160: Saving in-memory database to /mosquitto/data/mosquitto.db.
1677870961: Saving in-memory database to /mosquitto/data/mosquitto.db.
1677872762: Saving in-memory database to /mosquitto/data/mosquitto.db.
1677874563: Saving in-memory database to /mosquitto/data/mosquitto.db.
1677876364: Saving in-memory database to /mosquitto/data/mosquitto.db.
1677878165: Saving in-memory database to /mosquitto/data/mosquitto.db.
1677879966: Saving in-memory database to /mosquitto/data/mosquitto.db.
1677881767: Saving in-memory database to /mosquitto/data/mosquitto.db.
1677883568: Saving in-memory database to /mosquitto/data/mosquitto.db.
1677885369: Saving in-memory database to /mosquitto/data/mosquitto.db.
1677887170: Saving in-memory database to /mosquitto/data/mosquitto.db.
1677888971: Saving in-memory database to /mosquitto/data/mosquitto.db.
1677890772: Saving in-memory database to /mosquitto/data/mosquitto.db.
1677892573: Saving in-memory database to /mosquitto/data/mosquitto.db.
1677894374: Saving in-memory database to /mosquitto/data/mosquitto.db.
1677896175: Saving in-memory database to /mosquitto/data/mosquitto.db.
1677897976: Saving in-memory database to /mosquitto/data/mosquitto.db.
1677899777: Saving in-memory database to /mosquitto/data/mosquitto.db.
1677901578: Saving in-memory database to /mosquitto/data/mosquitto.db.
1677903379: Saving in-memory database to /mosquitto/data/mosquitto.db.
1677905180: Saving in-memory database to /mosquitto/data/mosquitto.db.
1677906981: Saving in-memory database to /mosquitto/data/mosquitto.db.
1677908782: Saving in-memory database to /mosquitto/data/mosquitto.db.
1677910583: Saving in-memory database to /mosquitto/data/mosquitto.db.
1677912384: Saving in-memory database to /mosquitto/data/mosquitto.db.
1677914185: Saving in-memory database to /mosquitto/data/mosquitto.db.
1677915986: Saving in-memory database to /mosquitto/data/mosquitto.db.
1677917787: Saving in-memory database to /mosquitto/data/mosquitto.db.
1677919588: Saving in-memory database to /mosquitto/data/mosquitto.db.
1677921389: Saving in-memory database to /mosquitto/data/mosquitto.db.
1677923190: Saving in-memory database to /mosquitto/data/mosquitto.db.
1677924991: Saving in-memory database to /mosquitto/data/mosquitto.db.
1677926792: Saving in-memory database to /mosquitto/data/mosquitto.db.
1677928593: Saving in-memory database to /mosquitto/data/mosquitto.db.
1677930394: Saving in-memory database to /mosquitto/data/mosquitto.db.
1677932195: Saving in-memory database to /mosquitto/data/mosquitto.db.
1677933996: Saving in-memory database to /mosquitto/data/mosquitto.db.
1677935797: Saving in-memory database to /mosquitto/data/mosquitto.db.
1677937598: Saving in-memory database to /mosquitto/data/mosquitto.db.
1677939399: Saving in-memory database to /mosquitto/data/mosquitto.db.
1677941200: Saving in-memory database to /mosquitto/data/mosquitto.db.
1677943001: Saving in-memory database to /mosquitto/data/mosquitto.db.
1677944802: Saving in-memory database to /mosquitto/data/mosquitto.db.
1677946603: Saving in-memory database to /mosquitto/data/mosquitto.db.
1677948404: Saving in-memory database to /mosquitto/data/mosquitto.db.
1677950205: Saving in-memory database to /mosquitto/data/mosquitto.db.
1677952006: Saving in-memory database to /mosquitto/data/mosquitto.db.
1677953807: Saving in-memory database to /mosquitto/data/mosquitto.db.
1677955608: Saving in-memory database to /mosquitto/data/mosquitto.db.
1677957409: Saving in-memory database to /mosquitto/data/mosquitto.db.
1677959210: Saving in-memory database to /mosquitto/data/mosquitto.db.
1677961011: Saving in-memory database to /mosquitto/data/mosquitto.db.
1677962812: Saving in-memory database to /mosquitto/data/mosquitto.db.
1677964613: Saving in-memory database to /mosquitto/data/mosquitto.db.
1677966414: Saving in-memory database to /mosquitto/data/mosquitto.db.
1677968215: Saving in-memory database to /mosquitto/data/mosquitto.db.
1677970016: Saving in-memory database to /mosquitto/data/mosquitto.db.
1677971817: Saving in-memory database to /mosquitto/data/mosquitto.db.
1677973618: Saving in-memory database to /mosquitto/data/mosquitto.db.
1677975419: Saving in-memory database to /mosquitto/data/mosquitto.db.
1677977220: Saving in-memory database to /mosquitto/data/mosquitto.db.
1677979021: Saving in-memory database to /mosquitto/data/mosquitto.db.
1677980822: Saving in-memory database to /mosquitto/data/mosquitto.db.
1677982623: Saving in-memory database to /mosquitto/data/mosquitto.db.
1677984424: Saving in-memory database to /mosquitto/data/mosquitto.db.
1677986225: Saving in-memory database to /mosquitto/data/mosquitto.db.
1677988026: Saving in-memory database to /mosquitto/data/mosquitto.db.
1677989827: Saving in-memory database to /mosquitto/data/mosquitto.db.
1677991628: Saving in-memory database to /mosquitto/data/mosquitto.db.
1677993429: Saving in-memory database to /mosquitto/data/mosquitto.db.
1677995230: Saving in-memory database to /mosquitto/data/mosquitto.db.
1677997031: Saving in-memory database to /mosquitto/data/mosquitto.db.
1677998832: Saving in-memory database to /mosquitto/data/mosquitto.db.
1678000633: Saving in-memory database to /mosquitto/data/mosquitto.db.
1678002434: Saving in-memory database to /mosquitto/data/mosquitto.db.
1678004235: Saving in-memory database to /mosquitto/data/mosquitto.db.
1678006036: Saving in-memory database to /mosquitto/data/mosquitto.db.
1678007837: Saving in-memory database to /mosquitto/data/mosquitto.db.
1678009638: Saving in-memory database to /mosquitto/data/mosquitto.db.
1678011439: Saving in-memory database to /mosquitto/data/mosquitto.db.
1678013240: Saving in-memory database to /mosquitto/data/mosquitto.db.
1678015041: Saving in-memory database to /mosquitto/data/mosquitto.db.
1678016842: Saving in-memory database to /mosquitto/data/mosquitto.db.
1678018643: Saving in-memory database to /mosquitto/data/mosquitto.db.
1678020444: Saving in-memory database to /mosquitto/data/mosquitto.db.
1678022245: Saving in-memory database to /mosquitto/data/mosquitto.db.
1678024046: Saving in-memory database to /mosquitto/data/mosquitto.db.
1678025847: Saving in-memory database to /mosquitto/data/mosquitto.db.
1678027648: Saving in-memory database to /mosquitto/data/mosquitto.db.
1678029449: Saving in-memory database to /mosquitto/data/mosquitto.db.
1678031250: Saving in-memory database to /mosquitto/data/mosquitto.db.
1678033051: Saving in-memory database to /mosquitto/data/mosquitto.db.
1678034852: Saving in-memory database to /mosquitto/data/mosquitto.db.
1678036653: Saving in-memory database to /mosquitto/data/mosquitto.db.
1678038454: Saving in-memory database to /mosquitto/data/mosquitto.db.
1678040255: Saving in-memory database to /mosquitto/data/mosquitto.db.
1678042056: Saving in-memory database to /mosquitto/data/mosquitto.db.
1678043857: Saving in-memory database to /mosquitto/data/mosquitto.db.
1678045658: Saving in-memory database to /mosquitto/data/mosquitto.db.
1678047459: Saving in-memory database to /mosquitto/data/mosquitto.db.
1678049260: Saving in-memory database to /mosquitto/data/mosquitto.db.
1678051061: Saving in-memory database to /mosquitto/data/mosquitto.db.
1678052862: Saving in-memory database to /mosquitto/data/mosquitto.db.
1678054663: Saving in-memory database to /mosquitto/data/mosquitto.db.
1678056464: Saving in-memory database to /mosquitto/data/mosquitto.db.
1678058265: Saving in-memory database to /mosquitto/data/mosquitto.db.
1678060066: Saving in-memory database to /mosquitto/data/mosquitto.db.
1678061867: Saving in-memory database to /mosquitto/data/mosquitto.db.
1678063668: Saving in-memory database to /mosquitto/data/mosquitto.db.
1678065469: Saving in-memory database to /mosquitto/data/mosquitto.db.
1678067270: Saving in-memory database to /mosquitto/data/mosquitto.db.
1678069071: Saving in-memory database to /mosquitto/data/mosquitto.db.
1678070872: Saving in-memory database to /mosquitto/data/mosquitto.db.
1678072673: Saving in-memory database to /mosquitto/data/mosquitto.db.
1678074474: Saving in-memory database to /mosquitto/data/mosquitto.db.
1678076275: Saving in-memory database to /mosquitto/data/mosquitto.db.
1678078076: Saving in-memory database to /mosquitto/data/mosquitto.db.
1678079877: Saving in-memory database to /mosquitto/data/mosquitto.db.
1678081678: Saving in-memory database to /mosquitto/data/mosquitto.db.
1678083479: Saving in-memory database to /mosquitto/data/mosquitto.db.
1678085280: Saving in-memory database to /mosquitto/data/mosquitto.db.
1678087081: Saving in-memory database to /mosquitto/data/mosquitto.db.
1678088882: Saving in-memory database to /mosquitto/data/mosquitto.db.
1678090683: Saving in-memory database to /mosquitto/data/mosquitto.db.
1678092484: Saving in-memory database to /mosquitto/data/mosquitto.db.
1678094285: Saving in-memory database to /mosquitto/data/mosquitto.db.
1678096086: Saving in-memory database to /mosquitto/data/mosquitto.db.
1678097887: Saving in-memory database to /mosquitto/data/mosquitto.db.
1678099688: Saving in-memory database to /mosquitto/data/mosquitto.db.
1678101489: Saving in-memory database to /mosquitto/data/mosquitto.db.
1678103290: Saving in-memory database to /mosquitto/data/mosquitto.db.
1678105091: Saving in-memory database to /mosquitto/data/mosquitto.db.
1678106892: Saving in-memory database to /mosquitto/data/mosquitto.db.
1678108693: Saving in-memory database to /mosquitto/data/mosquitto.db.
1678110494: Saving in-memory database to /mosquitto/data/mosquitto.db.
1678112295: Saving in-memory database to /mosquitto/data/mosquitto.db.
1678114096: Saving in-memory database to /mosquitto/data/mosquitto.db.
1678115897: Saving in-memory database to /mosquitto/data/mosquitto.db.
1678117698: Saving in-memory database to /mosquitto/data/mosquitto.db.
1678119499: Saving in-memory database to /mosquitto/data/mosquitto.db.
1678121300: Saving in-memory database to /mosquitto/data/mosquitto.db.
1678123101: Saving in-memory database to /mosquitto/data/mosquitto.db.
1678124902: Saving in-memory database to /mosquitto/data/mosquitto.db.
1678126703: Saving in-memory database to /mosquitto/data/mosquitto.db.
1678128504: Saving in-memory database to /mosquitto/data/mosquitto.db.
1678130305: Saving in-memory database to /mosquitto/data/mosquitto.db.
1678132106: Saving in-memory database to /mosquitto/data/mosquitto.db.
1678133907: Saving in-memory database to /mosquitto/data/mosquitto.db.
1678135708: Saving in-memory database to /mosquitto/data/mosquitto.db.
1678137509: Saving in-memory database to /mosquitto/data/mosquitto.db.
1678139310: Saving in-memory database to /mosquitto/data/mosquitto.db.
1678141111: Saving in-memory database to /mosquitto/data/mosquitto.db.
1678142912: Saving in-memory database to /mosquitto/data/mosquitto.db.
1678144713: Saving in-memory database to /mosquitto/data/mosquitto.db.
1678146514: Saving in-memory database to /mosquitto/data/mosquitto.db.
1678148315: Saving in-memory database to /mosquitto/data/mosquitto.db.
1678150116: Saving in-memory database to /mosquitto/data/mosquitto.db.
1678151917: Saving in-memory database to /mosquitto/data/mosquitto.db.
1678153718: Saving in-memory database to /mosquitto/data/mosquitto.db.
1678155519: Saving in-memory database to /mosquitto/data/mosquitto.db.
1678157320: Saving in-memory database to /mosquitto/data/mosquitto.db.
1678159121: Saving in-memory database to /mosquitto/data/mosquitto.db.
1678160922: Saving in-memory database to /mosquitto/data/mosquitto.db.
1678162723: Saving in-memory database to /mosquitto/data/mosquitto.db.
1678164524: Saving in-memory database to /mosquitto/data/mosquitto.db.
1678166325: Saving in-memory database to /mosquitto/data/mosquitto.db.
1678168126: Saving in-memory database to /mosquitto/data/mosquitto.db.
1678169927: Saving in-memory database to /mosquitto/data/mosquitto.db.
1678171728: Saving in-memory database to /mosquitto/data/mosquitto.db.
1678173529: Saving in-memory database to /mosquitto/data/mosquitto.db.
1678175330: Saving in-memory database to /mosquitto/data/mosquitto.db.
1678177131: Saving in-memory database to /mosquitto/data/mosquitto.db.
1678178932: Saving in-memory database to /mosquitto/data/mosquitto.db.
1678180733: Saving in-memory database to /mosquitto/data/mosquitto.db.
1678182534: Saving in-memory database to /mosquitto/data/mosquitto.db.
1678184335: Saving in-memory database to /mosquitto/data/mosquitto.db.
1678186136: Saving in-memory database to /mosquitto/data/mosquitto.db.
1678187937: Saving in-memory database to /mosquitto/data/mosquitto.db.
1678189738: Saving in-memory database to /mosquitto/data/mosquitto.db.
1678191539: Saving in-memory database to /mosquitto/data/mosquitto.db.
1678193340: Saving in-memory database to /mosquitto/data/mosquitto.db.
1678195141: Saving in-memory database to /mosquitto/data/mosquitto.db.
1678196942: Saving in-memory database to /mosquitto/data/mosquitto.db.
1678198743: Saving in-memory database to /mosquitto/data/mosquitto.db.
1678200544: Saving in-memory database to /mosquitto/data/mosquitto.db.
1678202345: Saving in-memory database to /mosquitto/data/mosquitto.db.
1678204146: Saving in-memory database to /mosquitto/data/mosquitto.db.
1678205947: Saving in-memory database to /mosquitto/data/mosquitto.db.
1678207748: Saving in-memory database to /mosquitto/data/mosquitto.db.
1678209549: Saving in-memory database to /mosquitto/data/mosquitto.db.
1678211350: Saving in-memory database to /mosquitto/data/mosquitto.db.
1678213151: Saving in-memory database to /mosquitto/data/mosquitto.db.
1678214952: Saving in-memory database to /mosquitto/data/mosquitto.db.
1678216753: Saving in-memory database to /mosquitto/data/mosquitto.db.
1678218554: Saving in-memory database to /mosquitto/data/mosquitto.db.
1678220355: Saving in-memory database to /mosquitto/data/mosquitto.db.
1678222156: Saving in-memory database to /mosquitto/data/mosquitto.db.
1678223957: Saving in-memory database to /mosquitto/data/mosquitto.db.
1678225758: Saving in-memory database to /mosquitto/data/mosquitto.db.
1678227559: Saving in-memory database to /mosquitto/data/mosquitto.db.
1678229360: Saving in-memory database to /mosquitto/data/mosquitto.db.
1678231161: Saving in-memory database to /mosquitto/data/mosquitto.db.
1678232962: Saving in-memory database to /mosquitto/data/mosquitto.db.
1678234763: Saving in-memory database to /mosquitto/data/mosquitto.db.
1678236564: Saving in-memory database to /mosquitto/data/mosquitto.db.
1678238365: Saving in-memory database to /mosquitto/data/mosquitto.db.
1678240166: Saving in-memory database to /mosquitto/data/mosquitto.db.
1678241967: Saving in-memory database to /mosquitto/data/mosquitto.db.
1678243768: Saving in-memory database to /mosquitto/data/mosquitto.db.
1678245569: Saving in-memory database to /mosquitto/data/mosquitto.db.
1678247370: Saving in-memory database to /mosquitto/data/mosquitto.db.
1678249171: Saving in-memory database to /mosquitto/data/mosquitto.db.
1678250972: Saving in-memory database to /mosquitto/data/mosquitto.db.
1678252773: Saving in-memory database to /mosquitto/data/mosquitto.db.
1678254574: Saving in-memory database to /mosquitto/data/mosquitto.db.
1678256375: Saving in-memory database to /mosquitto/data/mosquitto.db.
1678258176: Saving in-memory database to /mosquitto/data/mosquitto.db.
1678259977: Saving in-memory database to /mosquitto/data/mosquitto.db.
1678261778: Saving in-memory database to /mosquitto/data/mosquitto.db.
1678263579: Saving in-memory database to /mosquitto/data/mosquitto.db.
1678265380: Saving in-memory database to /mosquitto/data/mosquitto.db.
1678267181: Saving in-memory database to /mosquitto/data/mosquitto.db.
1678268982: Saving in-memory database to /mosquitto/data/mosquitto.db.
1678270783: Saving in-memory database to /mosquitto/data/mosquitto.db.
1678272584: Saving in-memory database to /mosquitto/data/mosquitto.db.
1678274385: Saving in-memory database to /mosquitto/data/mosquitto.db.
1678276186: Saving in-memory database to /mosquitto/data/mosquitto.db.
1678277987: Saving in-memory database to /mosquitto/data/mosquitto.db.
1678279788: Saving in-memory database to /mosquitto/data/mosquitto.db.
1678281589: Saving in-memory database to /mosquitto/data/mosquitto.db.
1678283390: Saving in-memory database to /mosquitto/data/mosquitto.db.
1678285191: Saving in-memory database to /mosquitto/data/mosquitto.db.
1678286992: Saving in-memory database to /mosquitto/data/mosquitto.db.
1678288793: Saving in-memory database to /mosquitto/data/mosquitto.db.
1678290594: Saving in-memory database to /mosquitto/data/mosquitto.db.
1678292395: Saving in-memory database to /mosquitto/data/mosquitto.db.
1678294196: Saving in-memory database to /mosquitto/data/mosquitto.db.
1678295997: Saving in-memory database to /mosquitto/data/mosquitto.db.
1678297798: Saving in-memory database to /mosquitto/data/mosquitto.db.
1678299599: Saving in-memory database to /mosquitto/data/mosquitto.db.
1678301400: Saving in-memory database to /mosquitto/data/mosquitto.db.
1678303201: Saving in-memory database to /mosquitto/data/mosquitto.db.
1678305002: Saving in-memory database to /mosquitto/data/mosquitto.db.
1678306803: Saving in-memory database to /mosquitto/data/mosquitto.db.
1678308604: Saving in-memory database to /mosquitto/data/mosquitto.db.
1678310405: Saving in-memory database to /mosquitto/data/mosquitto.db.
1678312206: Saving in-memory database to /mosquitto/data/mosquitto.db.
1678314007: Saving in-memory database to /mosquitto/data/mosquitto.db.
1678315808: Saving in-memory database to /mosquitto/data/mosquitto.db.
1678317609: Saving in-memory database to /mosquitto/data/mosquitto.db.
1678319410: Saving in-memory database to /mosquitto/data/mosquitto.db.
1678321211: Saving in-memory database to /mosquitto/data/mosquitto.db.
1678323012: Saving in-memory database to /mosquitto/data/mosquitto.db.
1678324813: Saving in-memory database to /mosquitto/data/mosquitto.db.
1678326614: Saving in-memory database to /mosquitto/data/mosquitto.db.
1678328415: Saving in-memory database to /mosquitto/data/mosquitto.db.
1678330216: Saving in-memory database to /mosquitto/data/mosquitto.db.
1678332017: Saving in-memory database to /mosquitto/data/mosquitto.db.
1678333818: Saving in-memory database to /mosquitto/data/mosquitto.db.
1678335619: Saving in-memory database to /mosquitto/data/mosquitto.db.
1678337420: Saving in-memory database to /mosquitto/data/mosquitto.db.
1678339221: Saving in-memory database to /mosquitto/data/mosquitto.db.
1678341022: Saving in-memory database to /mosquitto/data/mosquitto.db.
1678342823: Saving in-memory database to /mosquitto/data/mosquitto.db.
1678344624: Saving in-memory database to /mosquitto/data/mosquitto.db.
1678346425: Saving in-memory database to /mosquitto/data/mosquitto.db.
1678348226: Saving in-memory database to /mosquitto/data/mosquitto.db.
1678350027: Saving in-memory database to /mosquitto/data/mosquitto.db.
1678351828: Saving in-memory database to /mosquitto/data/mosquitto.db.
1678353629: Saving in-memory database to /mosquitto/data/mosquitto.db.
1678355430: Saving in-memory database to /mosquitto/data/mosquitto.db.
1678357231: Saving in-memory database to /mosquitto/data/mosquitto.db.
1678359032: Saving in-memory database to /mosquitto/data/mosquitto.db.
1678360833: Saving in-memory database to /mosquitto/data/mosquitto.db.
1678362634: Saving in-memory database to /mosquitto/data/mosquitto.db.
1678364435: Saving in-memory database to /mosquitto/data/mosquitto.db.
1678366236: Saving in-memory database to /mosquitto/data/mosquitto.db.
1678368037: Saving in-memory database to /mosquitto/data/mosquitto.db.
1678369838: Saving in-memory database to /mosquitto/data/mosquitto.db.
1678371639: Saving in-memory database to /mosquitto/data/mosquitto.db.
1678373440: Saving in-memory database to /mosquitto/data/mosquitto.db.
1678375241: Saving in-memory database to /mosquitto/data/mosquitto.db.
1678377042: Saving in-memory database to /mosquitto/data/mosquitto.db.
1678378843: Saving in-memory database to /mosquitto/data/mosquitto.db.
1678380644: Saving in-memory database to /mosquitto/data/mosquitto.db.
1678382445: Saving in-memory database to /mosquitto/data/mosquitto.db.
1678384246: Saving in-memory database to /mosquitto/data/mosquitto.db.
1678386047: Saving in-memory database to /mosquitto/data/mosquitto.db.
1678387848: Saving in-memory database to /mosquitto/data/mosquitto.db.
1678389649: Saving in-memory database to /mosquitto/data/mosquitto.db.
1678391450: Saving in-memory database to /mosquitto/data/mosquitto.db.
1678393251: Saving in-memory database to /mosquitto/data/mosquitto.db.
1678395052: Saving in-memory database to /mosquitto/data/mosquitto.db.
1678396853: Saving in-memory database to /mosquitto/data/mosquitto.db.
1678398654: Saving in-memory database to /mosquitto/data/mosquitto.db.
1678400455: Saving in-memory database to /mosquitto/data/mosquitto.db.
1678402256: Saving in-memory database to /mosquitto/data/mosquitto.db.
1678404057: Saving in-memory database to /mosquitto/data/mosquitto.db.
1678405858: Saving in-memory database to /mosquitto/data/mosquitto.db.
1678407659: Saving in-memory database to /mosquitto/data/mosquitto.db.
1678409460: Saving in-memory database to /mosquitto/data/mosquitto.db.
1678411261: Saving in-memory database to /mosquitto/data/mosquitto.db.
1678413062: Saving in-memory database to /mosquitto/data/mosquitto.db.
1678414863: Saving in-memory database to /mosquitto/data/mosquitto.db.
1678416664: Saving in-memory database to /mosquitto/data/mosquitto.db.
1678418465: Saving in-memory database to /mosquitto/data/mosquitto.db.
1678420266: Saving in-memory database to /mosquitto/data/mosquitto.db.
1678422067: Saving in-memory database to /mosquitto/data/mosquitto.db.
1678423868: Saving in-memory database to /mosquitto/data/mosquitto.db.
1678425669: Saving in-memory database to /mosquitto/data/mosquitto.db.
1678427470: Saving in-memory database to /mosquitto/data/mosquitto.db.
1678429271: Saving in-memory database to /mosquitto/data/mosquitto.db.
1678431072: Saving in-memory database to /mosquitto/data/mosquitto.db.
1678432873: Saving in-memory database to /mosquitto/data/mosquitto.db.
1678434674: Saving in-memory database to /mosquitto/data/mosquitto.db.
1678436475: Saving in-memory database to /mosquitto/data/mosquitto.db.
1678438276: Saving in-memory database to /mosquitto/data/mosquitto.db.
1678440077: Saving in-memory database to /mosquitto/data/mosquitto.db.
1678441878: Saving in-memory database to /mosquitto/data/mosquitto.db.
1678443679: Saving in-memory database to /mosquitto/data/mosquitto.db.
1678445480: Saving in-memory database to /mosquitto/data/mosquitto.db.
1678447281: Saving in-memory database to /mosquitto/data/mosquitto.db.
1678449082: Saving in-memory database to /mosquitto/data/mosquitto.db.
1678450883: Saving in-memory database to /mosquitto/data/mosquitto.db.
1678452684: Saving in-memory database to /mosquitto/data/mosquitto.db.
1678454485: Saving in-memory database to /mosquitto/data/mosquitto.db.
1678456286: Saving in-memory database to /mosquitto/data/mosquitto.db.
1678458087: Saving in-memory database to /mosquitto/data/mosquitto.db.
1678459888: Saving in-memory database to /mosquitto/data/mosquitto.db.
1678461689: Saving in-memory database to /mosquitto/data/mosquitto.db.
1678463490: Saving in-memory database to /mosquitto/data/mosquitto.db.
1678465291: Saving in-memory database to /mosquitto/data/mosquitto.db.
1678467092: Saving in-memory database to /mosquitto/data/mosquitto.db.
1678468893: Saving in-memory database to /mosquitto/data/mosquitto.db.
1678470694: Saving in-memory database to /mosquitto/data/mosquitto.db.
1678472495: Saving in-memory database to /mosquitto/data/mosquitto.db.
1678474296: Saving in-memory database to /mosquitto/data/mosquitto.db.
1678476097: Saving in-memory database to /mosquitto/data/mosquitto.db.
1678477898: Saving in-memory database to /mosquitto/data/mosquitto.db.
1678479699: Saving in-memory database to /mosquitto/data/mosquitto.db.
1678481500: Saving in-memory database to /mosquitto/data/mosquitto.db.
1678483301: Saving in-memory database to /mosquitto/data/mosquitto.db.
1678485102: Saving in-memory database to /mosquitto/data/mosquitto.db.
1678486903: Saving in-memory database to /mosquitto/data/mosquitto.db.
1678488704: Saving in-memory database to /mosquitto/data/mosquitto.db.
1678490505: Saving in-memory database to /mosquitto/data/mosquitto.db.
1678492306: Saving in-memory database to /mosquitto/data/mosquitto.db.
1678494107: Saving in-memory database to /mosquitto/data/mosquitto.db.
1678495908: Saving in-memory database to /mosquitto/data/mosquitto.db.
1678497709: Saving in-memory database to /mosquitto/data/mosquitto.db.
1678499510: Saving in-memory database to /mosquitto/data/mosquitto.db.
1678501311: Saving in-memory database to /mosquitto/data/mosquitto.db.
1678503112: Saving in-memory database to /mosquitto/data/mosquitto.db.
1678504913: Saving in-memory database to /mosquitto/data/mosquitto.db.
1678506714: Saving in-memory database to /mosquitto/data/mosquitto.db.
1678508515: Saving in-memory database to /mosquitto/data/mosquitto.db.
1678510316: Saving in-memory database to /mosquitto/data/mosquitto.db.
1678512117: Saving in-memory database to /mosquitto/data/mosquitto.db.
1678513918: Saving in-memory database to /mosquitto/data/mosquitto.db.
1678515719: Saving in-memory database to /mosquitto/data/mosquitto.db.
1678517520: Saving in-memory database to /mosquitto/data/mosquitto.db.
1678519321: Saving in-memory database to /mosquitto/data/mosquitto.db.
1678521122: Saving in-memory database to /mosquitto/data/mosquitto.db.
1678522923: Saving in-memory database to /mosquitto/data/mosquitto.db.
1678524724: Saving in-memory database to /mosquitto/data/mosquitto.db.
1678526525: Saving in-memory database to /mosquitto/data/mosquitto.db.
1678528326: Saving in-memory database to /mosquitto/data/mosquitto.db.
1678530127: Saving in-memory database to /mosquitto/data/mosquitto.db.
1678531928: Saving in-memory database to /mosquitto/data/mosquitto.db.
1678533729: Saving in-memory database to /mosquitto/data/mosquitto.db.
1678535530: Saving in-memory database to /mosquitto/data/mosquitto.db.
1678537331: Saving in-memory database to /mosquitto/data/mosquitto.db.
1678539132: Saving in-memory database to /mosquitto/data/mosquitto.db.
1678540933: Saving in-memory database to /mosquitto/data/mosquitto.db.
1678542734: Saving in-memory database to /mosquitto/data/mosquitto.db.
1678544535: Saving in-memory database to /mosquitto/data/mosquitto.db.
1678546336: Saving in-memory database to /mosquitto/data/mosquitto.db.
1678548137: Saving in-memory database to /mosquitto/data/mosquitto.db.
1678549938: Saving in-memory database to /mosquitto/data/mosquitto.db.
1678551739: Saving in-memory database to /mosquitto/data/mosquitto.db.
1678553540: Saving in-memory database to /mosquitto/data/mosquitto.db.
1678555341: Saving in-memory database to /mosquitto/data/mosquitto.db.
1678557142: Saving in-memory database to /mosquitto/data/mosquitto.db.
1678558943: Saving in-memory database to /mosquitto/data/mosquitto.db.
1678560744: Saving in-memory database to /mosquitto/data/mosquitto.db.
1678562545: Saving in-memory database to /mosquitto/data/mosquitto.db.
1678564346: Saving in-memory database to /mosquitto/data/mosquitto.db.
1678566147: Saving in-memory database to /mosquitto/data/mosquitto.db.
1678567948: Saving in-memory database to /mosquitto/data/mosquitto.db.
1678569749: Saving in-memory database to /mosquitto/data/mosquitto.db.
1678571550: Saving in-memory database to /mosquitto/data/mosquitto.db.
1678573351: Saving in-memory database to /mosquitto/data/mosquitto.db.
1678575152: Saving in-memory database to /mosquitto/data/mosquitto.db.
1678576953: Saving in-memory database to /mosquitto/data/mosquitto.db.
1678578754: Saving in-memory database to /mosquitto/data/mosquitto.db.
1678580555: Saving in-memory database to /mosquitto/data/mosquitto.db.
1678582356: Saving in-memory database to /mosquitto/data/mosquitto.db.
1678584157: Saving in-memory database to /mosquitto/data/mosquitto.db.
1678585958: Saving in-memory database to /mosquitto/data/mosquitto.db.
1678587759: Saving in-memory database to /mosquitto/data/mosquitto.db.
1678589560: Saving in-memory database to /mosquitto/data/mosquitto.db.
1678591361: Saving in-memory database to /mosquitto/data/mosquitto.db.
1678593162: Saving in-memory database to /mosquitto/data/mosquitto.db.
1678594963: Saving in-memory database to /mosquitto/data/mosquitto.db.
1678596764: Saving in-memory database to /mosquitto/data/mosquitto.db.
1678598565: Saving in-memory database to /mosquitto/data/mosquitto.db.
1678600366: Saving in-memory database to /mosquitto/data/mosquitto.db.
1678602167: Saving in-memory database to /mosquitto/data/mosquitto.db.
1678603968: Saving in-memory database to /mosquitto/data/mosquitto.db.
1678605769: Saving in-memory database to /mosquitto/data/mosquitto.db.
1678607570: Saving in-memory database to /mosquitto/data/mosquitto.db.
1678609371: Saving in-memory database to /mosquitto/data/mosquitto.db.
1678611172: Saving in-memory database to /mosquitto/data/mosquitto.db.
